<?xml version="1.0" encoding="UTF-8"?>
<!-- Generated by org.testng.reporters.JUnitReportReporter -->
<testsuite hostname="Atyam" failures="0" tests="1" name="Job.JobTitle_export" time="22.958" errors="0" timestamp="22 Mar 2019 04:13:24 GMT" skipped="0">
  <testcase classname="Job.JobTitle_export" name="Data_driven_test" time="22.958"/>
</testsuite> <!-- Job.JobTitle_export -->
