<?xml version="1.0" encoding="UTF-8"?>
<!-- Generated by org.testng.reporters.JUnitReportReporter -->
<testsuite hostname="Atyam" failures="0" tests="1" name="UserManagement.Userrole_search" time="24.502" errors="0" timestamp="25 Mar 2019 12:00:05 GMT" skipped="0">
  <testcase classname="UserManagement.Userrole_search" name="Data_driven_test" time="24.502"/>
</testsuite> <!-- UserManagement.Userrole_search -->
