<?xml version="1.0" encoding="UTF-8"?>
<!-- Generated by org.testng.reporters.JUnitReportReporter -->
<testsuite hostname="Atyam" failures="0" tests="1" name="UserManagement.AddEmp_photo" time="26.689" errors="0" timestamp="29 Mar 2019 04:04:56 GMT" skipped="0">
  <testcase classname="UserManagement.AddEmp_photo" name="AddEmp_datadriventest" time="26.689"/>
</testsuite> <!-- UserManagement.AddEmp_photo -->
