<?xml version="1.0" encoding="UTF-8"?>
<!-- Generated by org.testng.reporters.JUnitReportReporter -->
<testsuite hostname="Atyam" failures="0" tests="1" name="Emp_Mallika.Edit_emp_pers" time="88.278" errors="0" timestamp="06 Apr 2019 10:09:49 GMT" skipped="0">
  <testcase classname="Emp_Mallika.Edit_emp_pers" name="EmpDet_datadriventest" time="88.278"/>
</testsuite> <!-- Emp_Mallika.Edit_emp_pers -->
