<?xml version="1.0" encoding="UTF-8"?>
<!-- Generated by org.testng.reporters.JUnitReportReporter -->
<testsuite hostname="Atyam" failures="0" tests="1" name="UserManagement.users_export" time="23.431" errors="0" timestamp="25 Mar 2019 11:34:15 GMT" skipped="0">
  <testcase classname="UserManagement.users_export" name="Data_driven_test" time="23.431"/>
</testsuite> <!-- UserManagement.users_export -->
