<?xml version="1.0" encoding="UTF-8"?>
<!-- Generated by org.testng.reporters.JUnitReportReporter -->
<testsuite hostname="Atyam" failures="0" tests="1" name="Emp_Mallika.Edit_emp_ReportTo" time="79.924" errors="0" timestamp="06 Apr 2019 10:37:56 GMT" skipped="0">
  <testcase classname="Emp_Mallika.Edit_emp_ReportTo" name="EmpDet_datadriventest" time="79.924"/>
</testsuite> <!-- Emp_Mallika.Edit_emp_ReportTo -->
