<?xml version="1.0" encoding="UTF-8"?>
<!-- Generated by org.testng.reporters.JUnitReportReporter -->
<testsuite hostname="Atyam" failures="0" tests="2" name="Job.DeleteJobTitle" time="60.400" errors="0" timestamp="25 Mar 2019 06:39:24 GMT" skipped="0">
  <testcase classname="Job.DeleteJobTitle" name="addjobtitl" time="39.324"/>
  <testcase classname="Job.DeleteJobTitle" name="Data_driven_test" time="21.076"/>
</testsuite> <!-- Job.DeleteJobTitle -->
