<?xml version="1.0" encoding="UTF-8"?>
<!-- Generated by org.testng.reporters.JUnitReportReporter -->
<testsuite hostname="Atyam" failures="0" tests="1" name="Job.AddJobTitle" time="45.874" errors="0" timestamp="27 Mar 2019 10:57:15 GMT" skipped="0">
  <testcase classname="Job.AddJobTitle" name="Data_driven_test" time="45.874"/>
</testsuite> <!-- Job.AddJobTitle -->
