<?xml version="1.0" encoding="UTF-8"?>
<!-- Generated by org.testng.reporters.JUnitReportReporter -->
<testsuite hostname="Atyam" failures="0" tests="1" name="UserManagement.AddEmp1" time="57.627" errors="0" timestamp="05 Apr 2019 11:34:06 GMT" skipped="0">
  <testcase classname="UserManagement.AddEmp1" name="AddEmp_datadriventest" time="57.627"/>
</testsuite> <!-- UserManagement.AddEmp1 -->
