<?xml version="1.0" encoding="UTF-8"?>
<!-- Generated by org.testng.reporters.JUnitReportReporter -->
<testsuite hostname="Atyam" failures="0" tests="1" name="UserManagement.AddEmp1" time="41.972" errors="0" timestamp="27 Mar 2019 12:19:38 GMT" skipped="0">
  <testcase classname="UserManagement.AddEmp1" name="AddEmp_datadriventest" time="41.972"/>
</testsuite> <!-- UserManagement.AddEmp1 -->
