<?xml version="1.0" encoding="UTF-8"?>
<!-- Generated by org.testng.reporters.JUnitReportReporter -->
<testsuite hostname="Atyam" failures="0" tests="2" name="UserManagement.AddUser" time="66.795" errors="0" timestamp="29 Mar 2019 03:52:49 GMT" skipped="0">
  <testcase classname="UserManagement.AddUser" name="Addmem" time="26.044"/>
  <testcase classname="UserManagement.AddUser" name="Data_driven_test" time="40.751"/>
</testsuite> <!-- UserManagement.AddUser -->
